# JRE version: OpenJDK Runtime Environment (8.0_152-b01) (build 1.8.0_152-release-915-b01)
# Java VM: OpenJDK 64-Bit Server VM (25.152-b01 mixed mode windows-amd64 compressed oops)
Heap:
 PSYoungGen      total 282624K, used 248143K [0x00000000e0000000, 0x00000000f3480000, 0x0000000100000000)
  eden space 259584K, 91% used [0x00000000e0000000,0x00000000ee7dbcd8,0x00000000efd80000)
  from space 23040K, 46% used [0x00000000f1e00000,0x00000000f2878098,0x00000000f3480000)
  to   space 28160K, 0% used [0x00000000efd80000,0x00000000efd80000,0x00000000f1900000)
 ParOldGen       total 246272K, used 106349K [0x00000000a0000000, 0x00000000af080000, 0x00000000e0000000)
  object space 246272K, 43% used [0x00000000a0000000,0x00000000a67db478,0x00000000af080000)
 Metaspace       used 85518K, capacity 91496K, committed 91608K, reserved 1128448K
  class space    used 10811K, capacity 12210K, committed 12288K, reserved 1048576K
GC Heap History (10 events):
Event: 1196.066 GC heap before
{Heap before GC invocations=32 (full 4):
 PSYoungGen      total 229888K, used 205659K [0x00000000e0000000, 0x00000000f1680000, 0x0000000100000000)
  eden space 195072K, 99% used [0x00000000e0000000,0x00000000ebdbb910,0x00000000ebe80000)
  from space 34816K, 32% used [0x00000000ebe80000,0x00000000ec99b5a0,0x00000000ee080000)
  to   space 33792K, 0% used [0x00000000ef580000,0x00000000ef580000,0x00000000f1680000)
 ParOldGen       total 246272K, used 106325K [0x00000000a0000000, 0x00000000af080000, 0x00000000e0000000)
  object space 246272K, 43% used [0x00000000a0000000,0x00000000a67d5478,0x00000000af080000)
 Metaspace       used 82913K, capacity 87974K, committed 88280K, reserved 1126400K
  class space    used 10505K, capacity 11717K, committed 11776K, reserved 1048576K
Event: 1196.084 GC heap after
Heap after GC invocations=32 (full 4):
 PSYoungGen      total 251904K, used 8389K [0x00000000e0000000, 0x00000000f1680000, 0x0000000100000000)
  eden space 218112K, 0% used [0x00000000e0000000,0x00000000e0000000,0x00000000ed500000)
  from space 33792K, 24% used [0x00000000ef580000,0x00000000efdb1580,0x00000000f1680000)
  to   space 33280K, 0% used [0x00000000ed500000,0x00000000ed500000,0x00000000ef580000)
 ParOldGen       total 246272K, used 106333K [0x00000000a0000000, 0x00000000af080000, 0x00000000e0000000)
  object space 246272K, 43% used [0x00000000a0000000,0x00000000a67d7478,0x00000000af080000)
 Metaspace       used 82913K, capacity 87974K, committed 88280K, reserved 1126400K
  class space    used 10505K, capacity 11717K, committed 11776K, reserved 1048576K
}
Event: 1654.213 GC heap before
{Heap before GC invocations=33 (full 4):
 PSYoungGen      total 251904K, used 226436K [0x00000000e0000000, 0x00000000f1680000, 0x0000000100000000)
  eden space 218112K, 99% used [0x00000000e0000000,0x00000000ed4efd08,0x00000000ed500000)
  from space 33792K, 24% used [0x00000000ef580000,0x00000000efdb1580,0x00000000f1680000)
  to   space 33280K, 0% used [0x00000000ed500000,0x00000000ed500000,0x00000000ef580000)
 ParOldGen       total 246272K, used 106333K [0x00000000a0000000, 0x00000000af080000, 0x00000000e0000000)
  object space 246272K, 43% used [0x00000000a0000000,0x00000000a67d7478,0x00000000af080000)
 Metaspace       used 83934K, capacity 89548K, committed 89816K, reserved 1126400K
  class space    used 10674K, capacity 11982K, committed 12032K, reserved 1048576K
Event: 1654.237 GC heap after
Heap after GC invocations=33 (full 4):
 PSYoungGen      total 251392K, used 12093K [0x00000000e0000000, 0x00000000f2880000, 0x0000000100000000)
  eden space 218112K, 0% used [0x00000000e0000000,0x00000000e0000000,0x00000000ed500000)
  from space 33280K, 36% used [0x00000000ed500000,0x00000000ee0cf6b8,0x00000000ef580000)
  to   space 31744K, 0% used [0x00000000f0980000,0x00000000f0980000,0x00000000f2880000)
 ParOldGen       total 246272K, used 106333K [0x00000000a0000000, 0x00000000af080000, 0x00000000e0000000)
  object space 246272K, 43% used [0x00000000a0000000,0x00000000a67d7478,0x00000000af080000)
 Metaspace       used 83934K, capacity 89548K, committed 89816K, reserved 1126400K
  class space    used 10674K, capacity 11982K, committed 12032K, reserved 1048576K
}
Event: 1658.753 GC heap before
{Heap before GC invocations=34 (full 4):
 PSYoungGen      total 251392K, used 230205K [0x00000000e0000000, 0x00000000f2880000, 0x0000000100000000)
  eden space 218112K, 100% used [0x00000000e0000000,0x00000000ed500000,0x00000000ed500000)
  from space 33280K, 36% used [0x00000000ed500000,0x00000000ee0cf6b8,0x00000000ef580000)
  to   space 31744K, 0% used [0x00000000f0980000,0x00000000f0980000,0x00000000f2880000)
 ParOldGen       total 246272K, used 106333K [0x00000000a0000000, 0x00000000af080000, 0x00000000e0000000)
  object space 246272K, 43% used [0x00000000a0000000,0x00000000a67d7478,0x00000000af080000)
 Metaspace       used 84416K, capacity 90138K, committed 90456K, reserved 1128448K
  class space    used 10714K, capacity 12035K, committed 12160K, reserved 1048576K
Event: 1658.781 GC heap after
Heap after GC invocations=34 (full 4):
 PSYoungGen      total 268800K, used 13267K [0x00000000e0000000, 0x00000000f2580000, 0x0000000100000000)
  eden space 240128K, 0% used [0x00000000e0000000,0x00000000e0000000,0x00000000eea80000)
  from space 28672K, 46% used [0x00000000f0980000,0x00000000f1674fd8,0x00000000f2580000)
  to   space 30208K, 0% used [0x00000000eea80000,0x00000000eea80000,0x00000000f0800000)
 ParOldGen       total 246272K, used 106333K [0x00000000a0000000, 0x00000000af080000, 0x00000000e0000000)
  object space 246272K, 43% used [0x00000000a0000000,0x00000000a67d7478,0x00000000af080000)
 Metaspace       used 84416K, capacity 90138K, committed 90456K, reserved 1128448K
  class space    used 10714K, capacity 12035K, committed 12160K, reserved 1048576K
}
Event: 1664.017 GC heap before
{Heap before GC invocations=35 (full 4):
 PSYoungGen      total 268800K, used 252832K [0x00000000e0000000, 0x00000000f2580000, 0x0000000100000000)
  eden space 240128K, 99% used [0x00000000e0000000,0x00000000ee9f3098,0x00000000eea80000)
  from space 28672K, 46% used [0x00000000f0980000,0x00000000f1674fd8,0x00000000f2580000)
  to   space 30208K, 0% used [0x00000000eea80000,0x00000000eea80000,0x00000000f0800000)
 ParOldGen       total 246272K, used 106333K [0x00000000a0000000, 0x00000000af080000, 0x00000000e0000000)
  object space 246272K, 43% used [0x00000000a0000000,0x00000000a67d7478,0x00000000af080000)
 Metaspace       used 84902K, capacity 90664K, committed 90968K, reserved 1128448K
  class space    used 10748K, capacity 12076K, committed 12160K, reserved 1048576K
Event: 1664.045 GC heap after
Heap after GC invocations=35 (full 4):
 PSYoungGen      total 270336K, used 15906K [0x00000000e0000000, 0x00000000f3a80000, 0x0000000100000000)
  eden space 240128K, 0% used [0x00000000e0000000,0x00000000e0000000,0x00000000eea80000)
  from space 30208K, 52% used [0x00000000eea80000,0x00000000efa08bf8,0x00000000f0800000)
  to   space 29184K, 0% used [0x00000000f1e00000,0x00000000f1e00000,0x00000000f3a80000)
 ParOldGen       total 246272K, used 106341K [0x00000000a0000000, 0x00000000af080000, 0x00000000e0000000)
  object space 246272K, 43% used [0x00000000a0000000,0x00000000a67d9478,0x00000000af080000)
 Metaspace       used 84902K, capacity 90664K, committed 90968K, reserved 1128448K
  class space    used 10748K, capacity 12076K, committed 12160K, reserved 1048576K
}
Event: 3535.250 GC heap before
{Heap before GC invocations=36 (full 4):
 PSYoungGen      total 270336K, used 256034K [0x00000000e0000000, 0x00000000f3a80000, 0x0000000100000000)
  eden space 240128K, 100% used [0x00000000e0000000,0x00000000eea80000,0x00000000eea80000)
  from space 30208K, 52% used [0x00000000eea80000,0x00000000efa08bf8,0x00000000f0800000)
  to   space 29184K, 0% used [0x00000000f1e00000,0x00000000f1e00000,0x00000000f3a80000)
 ParOldGen       total 246272K, used 106341K [0x00000000a0000000, 0x00000000af080000, 0x00000000e0000000)
  object space 246272K, 43% used [0x00000000a0000000,0x00000000a67d9478,0x00000000af080000)
 Metaspace       used 85221K, capacity 91204K, committed 91352K, reserved 1128448K
  class space    used 10791K, capacity 12184K, committed 12288K, reserved 1048576K
Event: 3535.266 GC heap after
Heap after GC invocations=36 (full 4):
 PSYoungGen      total 282624K, used 10720K [0x00000000e0000000, 0x00000000f3480000, 0x0000000100000000)
  eden space 259584K, 0% used [0x00000000e0000000,0x00000000e0000000,0x00000000efd80000)
  from space 23040K, 46% used [0x00000000f1e00000,0x00000000f2878098,0x00000000f3480000)
  to   space 28160K, 0% used [0x00000000efd80000,0x00000000efd80000,0x00000000f1900000)
 ParOldGen       total 246272K, used 106349K [0x00000000a0000000, 0x00000000af080000, 0x00000000e0000000)
  object space 246272K, 43% used [0x00000000a0000000,0x00000000a67db478,0x00000000af080000)
 Metaspace       used 85221K, capacity 91204K, committed 91352K, reserved 1128448K
  class space    used 10791K, capacity 12184K, committed 12288K, reserved 1048576K
}

